<?xml version="1.0" encoding="UTF-8"?>
<!-- Generated by org.testng.reporters.JUnitXMLReporter -->
<testsuite ignored="0" hostname="DESKTOP-E9GJR29" failures="1" tests="3" name="Error Validation" time="21.932" errors="0" timestamp="2024-07-14T12:16:09 IST">
  <testcase classname="sukajiparab.seleniumFrameworkDesign.ErrorValidation" name="LoginValidation" time="0.87">
    <failure type="java.lang.AssertionError" message="expected [Incorrect email or password.] but found [Incorrect email or password]">
      <![CDATA[java.lang.AssertionError: expected [Incorrect email or password.] but found [Incorrect email or password]
at sukajiparab.seleniumFrameworkDesign.ErrorValidation.LoginValidation(ErrorValidation.java:28)
at java.base/java.util.ArrayList.forEach(ArrayList.java:1511)
at java.base/java.util.concurrent.FutureTask.run(FutureTask.java:264)
at java.base/java.util.concurrent.ThreadPoolExecutor.runWorker(ThreadPoolExecutor.java:1136)
at java.base/java.util.concurrent.ThreadPoolExecutor$Worker.run(ThreadPoolExecutor.java:635)
at java.base/java.lang.Thread.run(Thread.java:840)
... Removed 24 stack frames]]>
    </failure>
  </testcase> <!-- LoginValidation -->
  <testcase classname="sukajiparab.seleniumFrameworkDesign.ErrorValidation" name="ProductErrorValidation" time="2.246">
    <skipped/>
  </testcase> <!-- ProductErrorValidation -->
  <testcase classname="sukajiparab.seleniumFrameworkDesign.ErrorValidation" name="ProductErrorValidation" time="2.14"/>
</testsuite> <!-- Error Validation -->
